<?xml version="1.0" encoding="UTF-8"?>
<testsuite xmlns:xsi="http://www.w3.org/2001/XMLSchema-instance" xsi:noNamespaceSchemaLocation="https://maven.apache.org/surefire/maven-surefire-plugin/xsd/surefire-test-report.xsd" name="com.watson.Version3Test" time="0.009" tests="1" errors="0" skipped="0" failures="0">
  <properties>
    <property name="java.specification.version" value="14"/>
    <property name="sun.cpu.isalist" value="amd64"/>
    <property name="sun.jnu.encoding" value="Cp1252"/>
    <property name="java.class.path" value="C:\Users\rauld\OneDrive\Documents\Spring2023\CSC483\WatsonProject\target\test-classes;C:\Users\rauld\OneDrive\Documents\Spring2023\CSC483\WatsonProject\target\classes;C:\Users\rauld\.m2\repository\junit\junit\4.11\junit-4.11.jar;C:\Users\rauld\.m2\repository\org\hamcrest\hamcrest-core\1.3\hamcrest-core-1.3.jar;C:\Users\rauld\.m2\repository\org\apache\lucene\lucene-core\9.5.0\lucene-core-9.5.0.jar;C:\Users\rauld\.m2\repository\org\apache\lucene\lucene-queryparser\9.5.0\lucene-queryparser-9.5.0.jar;C:\Users\rauld\.m2\repository\org\apache\lucene\lucene-queries\9.5.0\lucene-queries-9.5.0.jar;C:\Users\rauld\.m2\repository\org\apache\lucene\lucene-sandbox\9.5.0\lucene-sandbox-9.5.0.jar;C:\Users\rauld\.m2\repository\org\apache\lucene\lucene-analysis-common\9.5.0\lucene-analysis-common-9.5.0.jar;C:\Users\rauld\.m2\repository\org\apache\lucene\lucene-analysis-opennlp\9.5.0\lucene-analysis-opennlp-9.5.0.jar;C:\Users\rauld\.m2\repository\org\apache\opennlp\opennlp-tools\1.9.1\opennlp-tools-1.9.1.jar;"/>
    <property name="java.vm.vendor" value="AdoptOpenJDK"/>
    <property name="sun.arch.data.model" value="64"/>
    <property name="user.variant" value=""/>
    <property name="java.vendor.url" value="https://adoptopenjdk.net/"/>
    <property name="user.timezone" value="America/Phoenix"/>
    <property name="os.name" value="Windows 10"/>
    <property name="java.vm.specification.version" value="14"/>
    <property name="sun.java.launcher" value="SUN_STANDARD"/>
    <property name="user.country" value="US"/>
    <property name="sun.boot.library.path" value="C:\Program Files\AdoptOpenJDK\jdk-14.0.2.12-hotspot\bin"/>
    <property name="sun.java.command" value="C:\Users\rauld\AppData\Local\Temp\surefire2060608593128613221\surefirebooter6517038394439075433.jar C:\Users\rauld\AppData\Local\Temp\surefire2060608593128613221 2023-04-21T17-35-17_798-jvmRun1 surefire4818227994792941138tmp surefire_07724869967114420697tmp"/>
    <property name="jdk.debug" value="release"/>
    <property name="surefire.test.class.path" value="C:\Users\rauld\OneDrive\Documents\Spring2023\CSC483\WatsonProject\target\test-classes;C:\Users\rauld\OneDrive\Documents\Spring2023\CSC483\WatsonProject\target\classes;C:\Users\rauld\.m2\repository\junit\junit\4.11\junit-4.11.jar;C:\Users\rauld\.m2\repository\org\hamcrest\hamcrest-core\1.3\hamcrest-core-1.3.jar;C:\Users\rauld\.m2\repository\org\apache\lucene\lucene-core\9.5.0\lucene-core-9.5.0.jar;C:\Users\rauld\.m2\repository\org\apache\lucene\lucene-queryparser\9.5.0\lucene-queryparser-9.5.0.jar;C:\Users\rauld\.m2\repository\org\apache\lucene\lucene-queries\9.5.0\lucene-queries-9.5.0.jar;C:\Users\rauld\.m2\repository\org\apache\lucene\lucene-sandbox\9.5.0\lucene-sandbox-9.5.0.jar;C:\Users\rauld\.m2\repository\org\apache\lucene\lucene-analysis-common\9.5.0\lucene-analysis-common-9.5.0.jar;C:\Users\rauld\.m2\repository\org\apache\lucene\lucene-analysis-opennlp\9.5.0\lucene-analysis-opennlp-9.5.0.jar;C:\Users\rauld\.m2\repository\org\apache\opennlp\opennlp-tools\1.9.1\opennlp-tools-1.9.1.jar;"/>
    <property name="sun.cpu.endian" value="little"/>
    <property name="user.home" value="C:\Users\rauld"/>
    <property name="user.language" value="en"/>
    <property name="java.specification.vendor" value="Oracle Corporation"/>
    <property name="java.version.date" value="2020-07-14"/>
    <property name="java.home" value="C:\Program Files\AdoptOpenJDK\jdk-14.0.2.12-hotspot"/>
    <property name="file.separator" value="\"/>
    <property name="basedir" value="C:\Users\rauld\OneDrive\Documents\Spring2023\CSC483\WatsonProject"/>
    <property name="java.vm.compressedOopsMode" value="32-bit"/>
    <property name="line.separator" value="&#10;"/>
    <property name="java.vm.specification.vendor" value="Oracle Corporation"/>
    <property name="java.specification.name" value="Java Platform API Specification"/>
    <property name="surefire.real.class.path" value="C:\Users\rauld\AppData\Local\Temp\surefire2060608593128613221\surefirebooter6517038394439075433.jar"/>
    <property name="user.script" value=""/>
    <property name="sun.management.compiler" value="HotSpot 64-Bit Tiered Compilers"/>
    <property name="java.runtime.version" value="14.0.2+12"/>
    <property name="user.name" value="rauld"/>
    <property name="path.separator" value=";"/>
    <property name="os.version" value="10.0"/>
    <property name="java.runtime.name" value="OpenJDK Runtime Environment"/>
    <property name="file.encoding" value="Cp1252"/>
    <property name="java.vm.name" value="OpenJDK 64-Bit Server VM"/>
    <property name="java.vendor.version" value="AdoptOpenJDK"/>
    <property name="localRepository" value="C:\Users\rauld\.m2\repository"/>
    <property name="java.vendor.url.bug" value="https://github.com/AdoptOpenJDK/openjdk-support/issues"/>
    <property name="java.io.tmpdir" value="C:\Users\rauld\AppData\Local\Temp\"/>
    <property name="java.version" value="14.0.2"/>
    <property name="user.dir" value="C:\Users\rauld\OneDrive\Documents\Spring2023\CSC483\WatsonProject"/>
    <property name="os.arch" value="amd64"/>
    <property name="java.vm.specification.name" value="Java Virtual Machine Specification"/>
    <property name="sun.os.patch.level" value=""/>
    <property name="java.library.path" value="C:\Program Files\AdoptOpenJDK\jdk-14.0.2.12-hotspot\bin;C:\WINDOWS\Sun\Java\bin;C:\WINDOWS\system32;C:\WINDOWS;C:\Program Files\PowerShell\7;C:\Program Files\AdoptOpenJDK\jdk-14.0.2.12-hotspot\bin;C:\Program Files (x86)\Intel\Intel(R) Management Engine Components\iCLS\;C:\Program Files\Intel\Intel(R) Management Engine Components\iCLS\;C:\WINDOWS\system32;C:\WINDOWS;C:\WINDOWS\System32\Wbem;C:\WINDOWS\System32\WindowsPowerShell\v1.0\;C:\WINDOWS\System32\OpenSSH\;C:\Program Files (x86)\Intel\Intel(R) Management Engine Components\DAL;C:\Program Files\Intel\Intel(R) Management Engine Components\DAL;C:\Program Files (x86)\Intel\Intel(R) Management Engine Components\IPT;C:\Program Files\Intel\Intel(R) Management Engine Components\IPT;C:\Program Files\Intel\WiFi\bin\;C:\Program Files\Common Files\Intel\WirelessCommon\;C:\MinGW\bin;C:\Program Files\Microsoft SQL Server\130\Tools\Binn\;C:\Program Files (x86)\nodejs\;C:\Program Files\Microsoft SQL Server\150\Tools\Binn\;C:\Program Files\Microsoft SQL Server\Client SDK\ODBC\170\Tools\Binn\;C:\Program Files\dotnet\;C:\Program Files\Git\cmd;C:\Users\rauld\AppData\Local\Programs\Python\Python311;C:\Users\rauld\AppData\Local\Programs\Python\Python311\Scripts;C:\Program Files\PowerShell\7\;C:\apache-maven-3.9.1\bin;C:\Users\rauld\AppData\Local\Programs\Python\Python311\Scripts\;C:\Users\rauld\AppData\Local\Programs\Python\Python311\;C:\Users\rauld\AppData\Local\Microsoft\WindowsApps;C:\Users\rauld\AppData\Local\Programs\Microsoft VS Code\bin;C:\Users\rauld\AppData\Roaming\npm;C:\Users\rauld\AppData\Local\Programs\mongosh\;C:\Users\rauld\AppData\Local\Microsoft\WindowsApps;C:\Users\rauld\.dotnet\tools;C:\Program Files\JetBrains\CLion 2022.3.1\bin;C:\Users\rauld\AppData\Local\GitHubDesktop\bin;."/>
    <property name="java.vm.info" value="mixed mode, sharing"/>
    <property name="java.vendor" value="AdoptOpenJDK"/>
    <property name="java.vm.version" value="14.0.2+12"/>
    <property name="sun.io.unicode.encoding" value="UnicodeLittle"/>
    <property name="java.class.version" value="58.0"/>
  </properties>
  <testcase name="testQuestions" classname="com.watson.Version3Test" time="0.008"/>
</testsuite>